2026-05-18 13:25:51,214 DEBUG    root            Failed to read GCE cache file: [Errno 2] No such file or directory: '/content/.config/gce'
2026-05-18 13:26:03,239 DEBUG    root            Failed to check metadata server: <urlopen error timed out>
2026-05-18 13:26:03,299 DEBUG    root            On GCE from server: False
2026-05-18 13:26:03,304 DEBUG    root            Loaded Command Group: ['gcloud', 'components']
2026-05-18 13:26:03,308 DEBUG    root            Loaded Command Group: ['gcloud', 'components', 'update']
2026-05-18 13:26:03,310 DEBUG    root            Running [gcloud.components.update] with arguments: [--compile-python: "True", --quiet: "True", COMPONENT-IDS:6: "['core', 'gcloud-deps', 'bq', 'gcloud', 'gcloud-crc32c', 'gsutil']"]
2026-05-18 13:26:03,311 INFO     ___FILE_ONLY___ Beginning update. This process may take several minutes.

2026-05-18 13:26:03,329 DEBUG    root            On GCE from memory cache: False
2026-05-18 13:26:03,332 DEBUG    root            On GCE from memory cache: False
2026-05-18 13:26:03,335 DEBUG    urllib3.connectionpool Starting new HTTPS connection (1): dl.google.com:443
2026-05-18 13:26:03,421 DEBUG    urllib3.connectionpool https://dl.google.com:443 "GET /dl/cloudsdk/channels/rapid/components-2.json HTTP/1.1" 200 25078
2026-05-18 13:26:03,433 INFO     ___FILE_ONLY___ 

2026-05-18 13:26:03,433 INFO     ___FILE_ONLY___ 
Your current Google Cloud CLI version is: 568.0.0

2026-05-18 13:26:03,434 INFO     ___FILE_ONLY___ Installing components from version: 568.0.0

2026-05-18 13:26:03,434 INFO     ___FILE_ONLY___ 

2026-05-18 13:26:03,434 DEBUG    root            Chosen display Format:table[box,title="These components will be removed."](details.display_name:label=Name:align=left,version.version_string:label=Version:align=right,data.size.size(zero="",min=1048576):label=Size:align=right)
2026-05-18 13:26:03,435 DEBUG    root            Chosen display Format:table[box,title="These components will be updated."](details.display_name:label=Name:align=left,version.version_string:label=Version:align=right,data.size.size(zero="",min=1048576):label=Size:align=right)
2026-05-18 13:26:03,436 DEBUG    root            Chosen display Format:table[box,title="These components will be installed."](details.display_name:label=Name:align=left,version.version_string:label=Version:align=right,data.size.size(zero="",min=1048576):label=Size:align=right)
2026-05-18 13:26:03,483 INFO     ___FILE_ONLY___ ┌─────────────────────────────────────────────────────────────────────────────┐
2026-05-18 13:26:03,483 INFO     ___FILE_ONLY___ 

2026-05-18 13:26:03,483 INFO     ___FILE_ONLY___ │                     These components will be installed.                     │
2026-05-18 13:26:03,483 INFO     ___FILE_ONLY___ 

2026-05-18 13:26:03,483 INFO     ___FILE_ONLY___ ├─────────────────────────────────────────────────────┬────────────┬──────────┤
2026-05-18 13:26:03,483 INFO     ___FILE_ONLY___ 

2026-05-18 13:26:03,483 INFO     ___FILE_ONLY___ │                         Name                        │  Version   │   Size   │
2026-05-18 13:26:03,484 INFO     ___FILE_ONLY___ 

2026-05-18 13:26:03,484 INFO     ___FILE_ONLY___ ├─────────────────────────────────────────────────────┼────────────┼──────────┤
2026-05-18 13:26:03,484 INFO     ___FILE_ONLY___ 

2026-05-18 13:26:03,484 INFO     ___FILE_ONLY___ │ 
2026-05-18 13:26:03,484 INFO     ___FILE_ONLY___ BigQuery Command Line Tool                         
2026-05-18 13:26:03,484 INFO     ___FILE_ONLY___  
2026-05-18 13:26:03,485 INFO     ___FILE_ONLY___ │ 
2026-05-18 13:26:03,485 INFO     ___FILE_ONLY___     2.1.31
2026-05-18 13:26:03,485 INFO     ___FILE_ONLY___  
2026-05-18 13:26:03,485 INFO     ___FILE_ONLY___ │ 
2026-05-18 13:26:03,485 INFO     ___FILE_ONLY___  1.8 MiB
2026-05-18 13:26:03,486 INFO     ___FILE_ONLY___  
2026-05-18 13:26:03,486 INFO     ___FILE_ONLY___ │
2026-05-18 13:26:03,486 INFO     ___FILE_ONLY___ 

2026-05-18 13:26:03,486 INFO     ___FILE_ONLY___ │ 
2026-05-18 13:26:03,486 INFO     ___FILE_ONLY___ BigQuery Command Line Tool (Platform Specific)     
2026-05-18 13:26:03,486 INFO     ___FILE_ONLY___  
2026-05-18 13:26:03,487 INFO     ___FILE_ONLY___ │ 
2026-05-18 13:26:03,487 INFO     ___FILE_ONLY___     2.1.31
2026-05-18 13:26:03,487 INFO     ___FILE_ONLY___  
2026-05-18 13:26:03,488 INFO     ___FILE_ONLY___ │ 
2026-05-18 13:26:03,488 INFO     ___FILE_ONLY___  < 1 MiB
2026-05-18 13:26:03,488 INFO     ___FILE_ONLY___  
2026-05-18 13:26:03,488 INFO     ___FILE_ONLY___ │
2026-05-18 13:26:03,488 INFO     ___FILE_ONLY___ 

2026-05-18 13:26:03,488 INFO     ___FILE_ONLY___ │ 
2026-05-18 13:26:03,489 INFO     ___FILE_ONLY___ Bundled Python 3.14 (Platform Specific)            
2026-05-18 13:26:03,489 INFO     ___FILE_ONLY___  
2026-05-18 13:26:03,489 INFO     ___FILE_ONLY___ │ 
2026-05-18 13:26:03,489 INFO     ___FILE_ONLY___     3.14.4
2026-05-18 13:26:03,489 INFO     ___FILE_ONLY___  
2026-05-18 13:26:03,489 INFO     ___FILE_ONLY___ │ 
2026-05-18 13:26:03,490 INFO     ___FILE_ONLY___ 25.9 MiB
2026-05-18 13:26:03,490 INFO     ___FILE_ONLY___  
2026-05-18 13:26:03,490 INFO     ___FILE_ONLY___ │
2026-05-18 13:26:03,490 INFO     ___FILE_ONLY___ 

2026-05-18 13:26:03,490 INFO     ___FILE_ONLY___ │ 
2026-05-18 13:26:03,490 INFO     ___FILE_ONLY___ Cloud Storage Command Line Tool                    
2026-05-18 13:26:03,490 INFO     ___FILE_ONLY___  
2026-05-18 13:26:03,490 INFO     ___FILE_ONLY___ │ 
2026-05-18 13:26:03,490 INFO     ___FILE_ONLY___       5.37
2026-05-18 13:26:03,490 INFO     ___FILE_ONLY___  
2026-05-18 13:26:03,490 INFO     ___FILE_ONLY___ │ 
2026-05-18 13:26:03,491 INFO     ___FILE_ONLY___ 12.4 MiB
2026-05-18 13:26:03,491 INFO     ___FILE_ONLY___  
2026-05-18 13:26:03,491 INFO     ___FILE_ONLY___ │
2026-05-18 13:26:03,491 INFO     ___FILE_ONLY___ 

2026-05-18 13:26:03,491 INFO     ___FILE_ONLY___ │ 
2026-05-18 13:26:03,491 INFO     ___FILE_ONLY___ Cloud Storage Command Line Tool (Platform Specific)
2026-05-18 13:26:03,491 INFO     ___FILE_ONLY___  
2026-05-18 13:26:03,491 INFO     ___FILE_ONLY___ │ 
2026-05-18 13:26:03,491 INFO     ___FILE_ONLY___       5.36
2026-05-18 13:26:03,491 INFO     ___FILE_ONLY___  
2026-05-18 13:26:03,491 INFO     ___FILE_ONLY___ │ 
2026-05-18 13:26:03,491 INFO     ___FILE_ONLY___  < 1 MiB
2026-05-18 13:26:03,491 INFO     ___FILE_ONLY___  
2026-05-18 13:26:03,491 INFO     ___FILE_ONLY___ │
2026-05-18 13:26:03,491 INFO     ___FILE_ONLY___ 

2026-05-18 13:26:03,491 INFO     ___FILE_ONLY___ │ 
2026-05-18 13:26:03,491 INFO     ___FILE_ONLY___ Google Cloud CLI Core Libraries (Platform Specific)
2026-05-18 13:26:03,491 INFO     ___FILE_ONLY___  
2026-05-18 13:26:03,491 INFO     ___FILE_ONLY___ │ 
2026-05-18 13:26:03,492 INFO     ___FILE_ONLY___ 2026.04.24
2026-05-18 13:26:03,492 INFO     ___FILE_ONLY___  
2026-05-18 13:26:03,492 INFO     ___FILE_ONLY___ │ 
2026-05-18 13:26:03,492 INFO     ___FILE_ONLY___  < 1 MiB
2026-05-18 13:26:03,492 INFO     ___FILE_ONLY___  
2026-05-18 13:26:03,492 INFO     ___FILE_ONLY___ │
2026-05-18 13:26:03,492 INFO     ___FILE_ONLY___ 

2026-05-18 13:26:03,492 INFO     ___FILE_ONLY___ │ 
2026-05-18 13:26:03,492 INFO     ___FILE_ONLY___ Google Cloud CRC32C Hash Tool (Platform Specific)  
2026-05-18 13:26:03,492 INFO     ___FILE_ONLY___  
2026-05-18 13:26:03,492 INFO     ___FILE_ONLY___ │ 
2026-05-18 13:26:03,492 INFO     ___FILE_ONLY___      1.0.0
2026-05-18 13:26:03,492 INFO     ___FILE_ONLY___  
2026-05-18 13:26:03,492 INFO     ___FILE_ONLY___ │ 
2026-05-18 13:26:03,492 INFO     ___FILE_ONLY___  1.5 MiB
2026-05-18 13:26:03,492 INFO     ___FILE_ONLY___  
2026-05-18 13:26:03,492 INFO     ___FILE_ONLY___ │
2026-05-18 13:26:03,492 INFO     ___FILE_ONLY___ 

2026-05-18 13:26:03,493 INFO     ___FILE_ONLY___ │ 
2026-05-18 13:26:03,493 INFO     ___FILE_ONLY___ gcloud cli dependencies (Platform Specific)        
2026-05-18 13:26:03,493 INFO     ___FILE_ONLY___  
2026-05-18 13:26:03,493 INFO     ___FILE_ONLY___ │ 
2026-05-18 13:26:03,493 INFO     ___FILE_ONLY___ 2021.04.16
2026-05-18 13:26:03,493 INFO     ___FILE_ONLY___  
2026-05-18 13:26:03,493 INFO     ___FILE_ONLY___ │ 
2026-05-18 13:26:03,493 INFO     ___FILE_ONLY___  < 1 MiB
2026-05-18 13:26:03,493 INFO     ___FILE_ONLY___  
2026-05-18 13:26:03,493 INFO     ___FILE_ONLY___ │
2026-05-18 13:26:03,493 INFO     ___FILE_ONLY___ 

2026-05-18 13:26:03,493 INFO     ___FILE_ONLY___ └─────────────────────────────────────────────────────┴────────────┴──────────┘
2026-05-18 13:26:03,493 INFO     ___FILE_ONLY___ 

2026-05-18 13:26:03,493 INFO     ___FILE_ONLY___ 

2026-05-18 13:26:03,494 DEBUG    root            On GCE from memory cache: False
2026-05-18 13:26:03,496 DEBUG    root            On GCE from memory cache: False
2026-05-18 13:26:03,497 DEBUG    urllib3.connectionpool Starting new HTTPS connection (1): dl.google.com:443
2026-05-18 13:26:03,577 DEBUG    urllib3.connectionpool https://dl.google.com:443 "GET /dl/cloudsdk/channels/rapid/RELEASE_NOTES HTTP/1.1" 200 363271
2026-05-18 13:26:04,141 INFO     ___FILE_ONLY___ For the latest full release notes, please visit:
  https://cloud.google.com/sdk/release_notes


2026-05-18 13:26:04,142 INFO     ___FILE_ONLY___ Performing in place update...


2026-05-18 13:26:04,145 INFO     ___FILE_ONLY___ ╔════════════════════════════════════════════════════════════╗

2026-05-18 13:26:04,145 INFO     ___FILE_ONLY___ ╠═ Downloading: BigQuery Command Line Tool                  ═╣

2026-05-18 13:26:04,145 INFO     ___FILE_ONLY___ ╚
2026-05-18 13:26:04,148 DEBUG    root            On GCE from memory cache: False
2026-05-18 13:26:04,150 DEBUG    root            On GCE from memory cache: False
2026-05-18 13:26:04,151 DEBUG    urllib3.connectionpool Starting new HTTPS connection (1): dl.google.com:443
2026-05-18 13:26:04,288 DEBUG    urllib3.connectionpool https://dl.google.com:443 "GET /dl/cloudsdk/channels/rapid/components/google-cloud-sdk-bq-20260327141905.tar.gz HTTP/1.1" 200 1931708
2026-05-18 13:26:04,301 INFO     ___FILE_ONLY___ ═
2026-05-18 13:26:04,302 INFO     ___FILE_ONLY___ ═
2026-05-18 13:26:04,302 INFO     ___FILE_ONLY___ ═
2026-05-18 13:26:04,302 INFO     ___FILE_ONLY___ ═
2026-05-18 13:26:04,302 INFO     ___FILE_ONLY___ ═
2026-05-18 13:26:04,302 INFO     ___FILE_ONLY___ ═
2026-05-18 13:26:04,303 INFO     ___FILE_ONLY___ ═
2026-05-18 13:26:04,303 INFO     ___FILE_ONLY___ ═
2026-05-18 13:26:04,303 INFO     ___FILE_ONLY___ ═
2026-05-18 13:26:04,304 INFO     ___FILE_ONLY___ ═
2026-05-18 13:26:04,304 INFO     ___FILE_ONLY___ ═
2026-05-18 13:26:04,305 INFO     ___FILE_ONLY___ ═
2026-05-18 13:26:04,305 INFO     ___FILE_ONLY___ ═
2026-05-18 13:26:04,305 INFO     ___FILE_ONLY___ ═
2026-05-18 13:26:04,305 INFO     ___FILE_ONLY___ ═
2026-05-18 13:26:04,306 INFO     ___FILE_ONLY___ ═
2026-05-18 13:26:04,306 INFO     ___FILE_ONLY___ ═
2026-05-18 13:26:04,306 INFO     ___FILE_ONLY___ ═
2026-05-18 13:26:04,307 INFO     ___FILE_ONLY___ ═
2026-05-18 13:26:04,307 INFO     ___FILE_ONLY___ ═
2026-05-18 13:26:04,307 INFO     ___FILE_ONLY___ ═
2026-05-18 13:26:04,307 INFO     ___FILE_ONLY___ ═
2026-05-18 13:26:04,308 INFO     ___FILE_ONLY___ ═
2026-05-18 13:26:04,308 INFO     ___FILE_ONLY___ ═
2026-05-18 13:26:04,308 INFO     ___FILE_ONLY___ ═
2026-05-18 13:26:04,308 INFO     ___FILE_ONLY___ ═
2026-05-18 13:26:04,308 INFO     ___FILE_ONLY___ ═
2026-05-18 13:26:04,309 INFO     ___FILE_ONLY___ ═
2026-05-18 13:26:04,309 INFO     ___FILE_ONLY___ ═
2026-05-18 13:26:04,309 INFO     ___FILE_ONLY___ ═
2026-05-18 13:26:04,309 INFO     ___FILE_ONLY___ ═
2026-05-18 13:26:04,309 INFO     ___FILE_ONLY___ ═
2026-05-18 13:26:04,309 INFO     ___FILE_ONLY___ ═
2026-05-18 13:26:04,309 INFO     ___FILE_ONLY___ ═
2026-05-18 13:26:04,309 INFO     ___FILE_ONLY___ ═
2026-05-18 13:26:04,310 INFO     ___FILE_ONLY___ ═
2026-05-18 13:26:04,310 INFO     ___FILE_ONLY___ ═
2026-05-18 13:26:04,310 INFO     ___FILE_ONLY___ ═
2026-05-18 13:26:04,310 INFO     ___FILE_ONLY___ ═
2026-05-18 13:26:04,310 INFO     ___FILE_ONLY___ ═
2026-05-18 13:26:04,310 INFO     ___FILE_ONLY___ ═
2026-05-18 13:26:04,310 INFO     ___FILE_ONLY___ ═
2026-05-18 13:26:04,310 INFO     ___FILE_ONLY___ ═
2026-05-18 13:26:04,310 INFO     ___FILE_ONLY___ ═
2026-05-18 13:26:04,311 INFO     ___FILE_ONLY___ ═
2026-05-18 13:26:04,311 INFO     ___FILE_ONLY___ ═
2026-05-18 13:26:04,311 INFO     ___FILE_ONLY___ ═
2026-05-18 13:26:04,311 INFO     ___FILE_ONLY___ ═
2026-05-18 13:26:04,311 INFO     ___FILE_ONLY___ ═
2026-05-18 13:26:04,311 INFO     ___FILE_ONLY___ ═
2026-05-18 13:26:04,311 INFO     ___FILE_ONLY___ ═
2026-05-18 13:26:04,311 INFO     ___FILE_ONLY___ ═
2026-05-18 13:26:04,311 INFO     ___FILE_ONLY___ ═
2026-05-18 13:26:04,312 INFO     ___FILE_ONLY___ ═
2026-05-18 13:26:04,312 INFO     ___FILE_ONLY___ ═
2026-05-18 13:26:04,312 INFO     ___FILE_ONLY___ ═
2026-05-18 13:26:04,312 INFO     ___FILE_ONLY___ ═
2026-05-18 13:26:04,312 INFO     ___FILE_ONLY___ ═
2026-05-18 13:26:04,312 INFO     ___FILE_ONLY___ ═
2026-05-18 13:26:04,312 INFO     ___FILE_ONLY___ ═
2026-05-18 13:26:04,312 INFO     ___FILE_ONLY___ ╝

2026-05-18 13:26:04,314 INFO     ___FILE_ONLY___ ╔════════════════════════════════════════════════════════════╗

2026-05-18 13:26:04,315 INFO     ___FILE_ONLY___ ╠═ Downloading: BigQuery Command Line Tool (Platform Spe... ═╣

2026-05-18 13:26:04,315 INFO     ___FILE_ONLY___ ╚
2026-05-18 13:26:04,316 DEBUG    root            On GCE from memory cache: False
2026-05-18 13:26:04,317 DEBUG    root            On GCE from memory cache: False
2026-05-18 13:26:04,318 DEBUG    urllib3.connectionpool Starting new HTTPS connection (1): dl.google.com:443
2026-05-18 13:26:04,421 DEBUG    urllib3.connectionpool https://dl.google.com:443 "GET /dl/cloudsdk/channels/rapid/components/google-cloud-sdk-bq-nix-20260424041539.tar.gz HTTP/1.1" 200 1948
2026-05-18 13:26:04,421 INFO     ___FILE_ONLY___ ════════════════════════════════════════════════════════════
2026-05-18 13:26:04,422 INFO     ___FILE_ONLY___ ╝

2026-05-18 13:26:04,424 INFO     ___FILE_ONLY___ ╔════════════════════════════════════════════════════════════╗

2026-05-18 13:26:04,424 INFO     ___FILE_ONLY___ ╠═ Downloading: Bundled Python 3.14                         ═╣

2026-05-18 13:26:04,425 INFO     ___FILE_ONLY___ ╚
2026-05-18 13:26:04,426 INFO     ___FILE_ONLY___ ════════════════════════════════════════════════════════════
2026-05-18 13:26:04,426 INFO     ___FILE_ONLY___ ╝

2026-05-18 13:26:04,429 INFO     ___FILE_ONLY___ ╔════════════════════════════════════════════════════════════╗

2026-05-18 13:26:04,429 INFO     ___FILE_ONLY___ ╠═ Downloading: Bundled Python 3.14 (Platform Specific)     ═╣

2026-05-18 13:26:04,429 INFO     ___FILE_ONLY___ ╚
2026-05-18 13:26:04,431 DEBUG    root            On GCE from memory cache: False
2026-05-18 13:26:04,432 DEBUG    root            On GCE from memory cache: False
2026-05-18 13:26:04,433 DEBUG    urllib3.connectionpool Starting new HTTPS connection (1): dl.google.com:443
2026-05-18 13:26:04,516 DEBUG    urllib3.connectionpool https://dl.google.com:443 "GET /dl/cloudsdk/channels/rapid/components/google-cloud-sdk-bundled-python3-unix-linux-x86_64-20260508041647.tar.gz HTTP/1.1" 200 27141728
2026-05-18 13:26:04,626 INFO     ___FILE_ONLY___ ═
2026-05-18 13:26:04,627 INFO     ___FILE_ONLY___ ═
2026-05-18 13:26:04,627 INFO     ___FILE_ONLY___ ═
2026-05-18 13:26:04,629 INFO     ___FILE_ONLY___ ═
2026-05-18 13:26:04,631 INFO     ___FILE_ONLY___ ═
2026-05-18 13:26:04,633 INFO     ___FILE_ONLY___ ═
2026-05-18 13:26:04,634 INFO     ___FILE_ONLY___ ═
2026-05-18 13:26:04,635 INFO     ___FILE_ONLY___ ═
2026-05-18 13:26:04,636 INFO     ___FILE_ONLY___ ═
2026-05-18 13:26:04,637 INFO     ___FILE_ONLY___ ═
2026-05-18 13:26:04,637 INFO     ___FILE_ONLY___ ═
2026-05-18 13:26:04,638 INFO     ___FILE_ONLY___ ═
2026-05-18 13:26:04,639 INFO     ___FILE_ONLY___ ═
2026-05-18 13:26:04,640 INFO     ___FILE_ONLY___ ═
2026-05-18 13:26:04,641 INFO     ___FILE_ONLY___ ═
2026-05-18 13:26:04,641 INFO     ___FILE_ONLY___ ═
2026-05-18 13:26:04,642 INFO     ___FILE_ONLY___ ═
2026-05-18 13:26:04,643 INFO     ___FILE_ONLY___ ═
2026-05-18 13:26:04,644 INFO     ___FILE_ONLY___ ═
2026-05-18 13:26:04,645 INFO     ___FILE_ONLY___ ═
2026-05-18 13:26:04,645 INFO     ___FILE_ONLY___ ═
2026-05-18 13:26:04,646 INFO     ___FILE_ONLY___ ═
2026-05-18 13:26:04,647 INFO     ___FILE_ONLY___ ═
2026-05-18 13:26:04,648 INFO     ___FILE_ONLY___ ═
2026-05-18 13:26:04,649 INFO     ___FILE_ONLY___ ═
2026-05-18 13:26:04,649 INFO     ___FILE_ONLY___ ═
2026-05-18 13:26:04,650 INFO     ___FILE_ONLY___ ═
2026-05-18 13:26:04,651 INFO     ___FILE_ONLY___ ═
2026-05-18 13:26:04,652 INFO     ___FILE_ONLY___ ═
2026-05-18 13:26:04,653 INFO     ___FILE_ONLY___ ═
2026-05-18 13:26:04,653 INFO     ___FILE_ONLY___ ═
2026-05-18 13:26:04,654 INFO     ___FILE_ONLY___ ═
2026-05-18 13:26:04,655 INFO     ___FILE_ONLY___ ═
2026-05-18 13:26:04,656 INFO     ___FILE_ONLY___ ═
2026-05-18 13:26:04,658 INFO     ___FILE_ONLY___ ═
2026-05-18 13:26:04,659 INFO     ___FILE_ONLY___ ═
2026-05-18 13:26:04,660 INFO     ___FILE_ONLY___ ═
2026-05-18 13:26:04,661 INFO     ___FILE_ONLY___ ═
2026-05-18 13:26:04,662 INFO     ___FILE_ONLY___ ═
2026-05-18 13:26:04,663 INFO     ___FILE_ONLY___ ═
2026-05-18 13:26:04,664 INFO     ___FILE_ONLY___ ═
2026-05-18 13:26:04,665 INFO     ___FILE_ONLY___ ═
2026-05-18 13:26:04,666 INFO     ___FILE_ONLY___ ═
2026-05-18 13:26:04,667 INFO     ___FILE_ONLY___ ═
2026-05-18 13:26:04,668 INFO     ___FILE_ONLY___ ═
2026-05-18 13:26:04,669 INFO     ___FILE_ONLY___ ═
2026-05-18 13:26:04,669 INFO     ___FILE_ONLY___ ═
2026-05-18 13:26:04,670 INFO     ___FILE_ONLY___ ═
2026-05-18 13:26:04,671 INFO     ___FILE_ONLY___ ═
2026-05-18 13:26:04,672 INFO     ___FILE_ONLY___ ═
2026-05-18 13:26:04,673 INFO     ___FILE_ONLY___ ═
2026-05-18 13:26:04,674 INFO     ___FILE_ONLY___ ═
2026-05-18 13:26:04,675 INFO     ___FILE_ONLY___ ═
2026-05-18 13:26:04,676 INFO     ___FILE_ONLY___ ═
2026-05-18 13:26:04,677 INFO     ___FILE_ONLY___ ═
2026-05-18 13:26:04,677 INFO     ___FILE_ONLY___ ═
2026-05-18 13:26:04,678 INFO     ___FILE_ONLY___ ═
2026-05-18 13:26:04,679 INFO     ___FILE_ONLY___ ═
2026-05-18 13:26:04,679 INFO     ___FILE_ONLY___ ═
2026-05-18 13:26:04,680 INFO     ___FILE_ONLY___ ═
2026-05-18 13:26:04,680 INFO     ___FILE_ONLY___ ╝

2026-05-18 13:26:04,682 INFO     ___FILE_ONLY___ ╔════════════════════════════════════════════════════════════╗

2026-05-18 13:26:04,683 INFO     ___FILE_ONLY___ ╠═ Downloading: Cloud Storage Command Line Tool             ═╣

2026-05-18 13:26:04,683 INFO     ___FILE_ONLY___ ╚
2026-05-18 13:26:04,684 DEBUG    root            On GCE from memory cache: False
2026-05-18 13:26:04,687 DEBUG    root            On GCE from memory cache: False
2026-05-18 13:26:04,689 DEBUG    urllib3.connectionpool Starting new HTTPS connection (1): dl.google.com:443
2026-05-18 13:26:04,773 DEBUG    urllib3.connectionpool https://dl.google.com:443 "GET /dl/cloudsdk/channels/rapid/components/google-cloud-sdk-gsutil-20260501041631.tar.gz HTTP/1.1" 200 12967034
2026-05-18 13:26:04,818 INFO     ___FILE_ONLY___ ═
2026-05-18 13:26:04,819 INFO     ___FILE_ONLY___ ═
2026-05-18 13:26:04,820 INFO     ___FILE_ONLY___ ═
2026-05-18 13:26:04,820 INFO     ___FILE_ONLY___ ═
2026-05-18 13:26:04,821 INFO     ___FILE_ONLY___ ═
2026-05-18 13:26:04,822 INFO     ___FILE_ONLY___ ═
2026-05-18 13:26:04,823 INFO     ___FILE_ONLY___ ═
2026-05-18 13:26:04,824 INFO     ___FILE_ONLY___ ═
2026-05-18 13:26:04,825 INFO     ___FILE_ONLY___ ═
2026-05-18 13:26:04,826 INFO     ___FILE_ONLY___ ═
2026-05-18 13:26:04,826 INFO     ___FILE_ONLY___ ═
2026-05-18 13:26:04,827 INFO     ___FILE_ONLY___ ═
2026-05-18 13:26:04,827 INFO     ___FILE_ONLY___ ═
2026-05-18 13:26:04,828 INFO     ___FILE_ONLY___ ═
2026-05-18 13:26:04,828 INFO     ___FILE_ONLY___ ═
2026-05-18 13:26:04,829 INFO     ___FILE_ONLY___ ═
2026-05-18 13:26:04,830 INFO     ___FILE_ONLY___ ═
2026-05-18 13:26:04,830 INFO     ___FILE_ONLY___ ═
2026-05-18 13:26:04,831 INFO     ___FILE_ONLY___ ═
2026-05-18 13:26:04,831 INFO     ___FILE_ONLY___ ═
2026-05-18 13:26:04,832 INFO     ___FILE_ONLY___ ═
2026-05-18 13:26:04,832 INFO     ___FILE_ONLY___ ═
2026-05-18 13:26:04,833 INFO     ___FILE_ONLY___ ═
2026-05-18 13:26:04,833 INFO     ___FILE_ONLY___ ═
2026-05-18 13:26:04,833 INFO     ___FILE_ONLY___ ═
2026-05-18 13:26:04,834 INFO     ___FILE_ONLY___ ═
2026-05-18 13:26:04,834 INFO     ___FILE_ONLY___ ═
2026-05-18 13:26:04,835 INFO     ___FILE_ONLY___ ═
2026-05-18 13:26:04,835 INFO     ___FILE_ONLY___ ═
2026-05-18 13:26:04,835 INFO     ___FILE_ONLY___ ═
2026-05-18 13:26:04,836 INFO     ___FILE_ONLY___ ═
2026-05-18 13:26:04,836 INFO     ___FILE_ONLY___ ═
2026-05-18 13:26:04,836 INFO     ___FILE_ONLY___ ═
2026-05-18 13:26:04,837 INFO     ___FILE_ONLY___ ═
2026-05-18 13:26:04,837 INFO     ___FILE_ONLY___ ═
2026-05-18 13:26:04,838 INFO     ___FILE_ONLY___ ═
2026-05-18 13:26:04,838 INFO     ___FILE_ONLY___ ═
2026-05-18 13:26:04,838 INFO     ___FILE_ONLY___ ═
2026-05-18 13:26:04,839 INFO     ___FILE_ONLY___ ═
2026-05-18 13:26:04,839 INFO     ___FILE_ONLY___ ═
2026-05-18 13:26:04,839 INFO     ___FILE_ONLY___ ═
2026-05-18 13:26:04,840 INFO     ___FILE_ONLY___ ═
2026-05-18 13:26:04,840 INFO     ___FILE_ONLY___ ═
2026-05-18 13:26:04,840 INFO     ___FILE_ONLY___ ═
2026-05-18 13:26:04,841 INFO     ___FILE_ONLY___ ═
2026-05-18 13:26:04,841 INFO     ___FILE_ONLY___ ═
2026-05-18 13:26:04,842 INFO     ___FILE_ONLY___ ═
2026-05-18 13:26:04,842 INFO     ___FILE_ONLY___ ═
2026-05-18 13:26:04,842 INFO     ___FILE_ONLY___ ═
2026-05-18 13:26:04,843 INFO     ___FILE_ONLY___ ═
2026-05-18 13:26:04,843 INFO     ___FILE_ONLY___ ═
2026-05-18 13:26:04,843 INFO     ___FILE_ONLY___ ═
2026-05-18 13:26:04,844 INFO     ___FILE_ONLY___ ═
2026-05-18 13:26:04,844 INFO     ___FILE_ONLY___ ═
2026-05-18 13:26:04,845 INFO     ___FILE_ONLY___ ═
2026-05-18 13:26:04,845 INFO     ___FILE_ONLY___ ═
2026-05-18 13:26:04,845 INFO     ___FILE_ONLY___ ═
2026-05-18 13:26:04,846 INFO     ___FILE_ONLY___ ═
2026-05-18 13:26:04,846 INFO     ___FILE_ONLY___ ═
2026-05-18 13:26:04,847 INFO     ___FILE_ONLY___ ═
2026-05-18 13:26:04,847 INFO     ___FILE_ONLY___ ╝

2026-05-18 13:26:04,850 INFO     ___FILE_ONLY___ ╔════════════════════════════════════════════════════════════╗

2026-05-18 13:26:04,850 INFO     ___FILE_ONLY___ ╠═ Downloading: Cloud Storage Command Line Tool (Platfor... ═╣

2026-05-18 13:26:04,850 INFO     ___FILE_ONLY___ ╚
2026-05-18 13:26:04,852 DEBUG    root            On GCE from memory cache: False
2026-05-18 13:26:04,854 DEBUG    root            On GCE from memory cache: False
2026-05-18 13:26:04,855 DEBUG    urllib3.connectionpool Starting new HTTPS connection (1): dl.google.com:443
2026-05-18 13:26:04,935 DEBUG    urllib3.connectionpool https://dl.google.com:443 "GET /dl/cloudsdk/channels/rapid/components/google-cloud-sdk-gsutil-nix-20260424041539.tar.gz HTTP/1.1" 200 1963
2026-05-18 13:26:04,936 INFO     ___FILE_ONLY___ ════════════════════════════════════════════════════════════
2026-05-18 13:26:04,936 INFO     ___FILE_ONLY___ ╝

2026-05-18 13:26:04,938 INFO     ___FILE_ONLY___ ╔════════════════════════════════════════════════════════════╗

2026-05-18 13:26:04,938 INFO     ___FILE_ONLY___ ╠═ Downloading: Default set of gcloud commands              ═╣

2026-05-18 13:26:04,938 INFO     ___FILE_ONLY___ ╚
2026-05-18 13:26:04,938 INFO     ___FILE_ONLY___ ════════════════════════════════════════════════════════════
2026-05-18 13:26:04,939 INFO     ___FILE_ONLY___ ╝

2026-05-18 13:26:04,942 INFO     ___FILE_ONLY___ ╔════════════════════════════════════════════════════════════╗

2026-05-18 13:26:04,942 INFO     ___FILE_ONLY___ ╠═ Downloading: Google Cloud CLI Core Libraries (Platfor... ═╣

2026-05-18 13:26:04,943 INFO     ___FILE_ONLY___ ╚
2026-05-18 13:26:04,945 DEBUG    root            On GCE from memory cache: False
2026-05-18 13:26:04,946 DEBUG    root            On GCE from memory cache: False
2026-05-18 13:26:04,947 DEBUG    urllib3.connectionpool Starting new HTTPS connection (1): dl.google.com:443
2026-05-18 13:26:05,026 DEBUG    urllib3.connectionpool https://dl.google.com:443 "GET /dl/cloudsdk/channels/rapid/components/google-cloud-sdk-core-nix-20260424041539.tar.gz HTTP/1.1" 200 2342
2026-05-18 13:26:05,027 INFO     ___FILE_ONLY___ ════════════════════════════════════════════════════════════
2026-05-18 13:26:05,027 INFO     ___FILE_ONLY___ ╝

2026-05-18 13:26:05,030 INFO     ___FILE_ONLY___ ╔════════════════════════════════════════════════════════════╗

2026-05-18 13:26:05,030 INFO     ___FILE_ONLY___ ╠═ Downloading: Google Cloud CRC32C Hash Tool               ═╣

2026-05-18 13:26:05,030 INFO     ___FILE_ONLY___ ╚
2026-05-18 13:26:05,030 INFO     ___FILE_ONLY___ ════════════════════════════════════════════════════════════
2026-05-18 13:26:05,031 INFO     ___FILE_ONLY___ ╝

2026-05-18 13:26:05,033 INFO     ___FILE_ONLY___ ╔════════════════════════════════════════════════════════════╗

2026-05-18 13:26:05,033 INFO     ___FILE_ONLY___ ╠═ Downloading: Google Cloud CRC32C Hash Tool (Platform ... ═╣

2026-05-18 13:26:05,033 INFO     ___FILE_ONLY___ ╚
2026-05-18 13:26:05,034 DEBUG    root            On GCE from memory cache: False
2026-05-18 13:26:05,036 DEBUG    root            On GCE from memory cache: False
2026-05-18 13:26:05,037 DEBUG    urllib3.connectionpool Starting new HTTPS connection (1): dl.google.com:443
2026-05-18 13:26:05,166 DEBUG    urllib3.connectionpool https://dl.google.com:443 "GET /dl/cloudsdk/channels/rapid/components/google-cloud-sdk-gcloud-crc32c-linux-x86_64-20260424041539.tar.gz HTTP/1.1" 200 1609375
2026-05-18 13:26:05,176 INFO     ___FILE_ONLY___ ═
2026-05-18 13:26:05,176 INFO     ___FILE_ONLY___ ═
2026-05-18 13:26:05,176 INFO     ___FILE_ONLY___ ═
2026-05-18 13:26:05,176 INFO     ___FILE_ONLY___ ═
2026-05-18 13:26:05,177 INFO     ___FILE_ONLY___ ═
2026-05-18 13:26:05,177 INFO     ___FILE_ONLY___ ═
2026-05-18 13:26:05,177 INFO     ___FILE_ONLY___ ═
2026-05-18 13:26:05,177 INFO     ___FILE_ONLY___ ═
2026-05-18 13:26:05,178 INFO     ___FILE_ONLY___ ═
2026-05-18 13:26:05,178 INFO     ___FILE_ONLY___ ═
2026-05-18 13:26:05,178 INFO     ___FILE_ONLY___ ═
2026-05-18 13:26:05,178 INFO     ___FILE_ONLY___ ═
2026-05-18 13:26:05,179 INFO     ___FILE_ONLY___ ═
2026-05-18 13:26:05,179 INFO     ___FILE_ONLY___ ═
2026-05-18 13:26:05,179 INFO     ___FILE_ONLY___ ═
2026-05-18 13:26:05,179 INFO     ___FILE_ONLY___ ═
2026-05-18 13:26:05,179 INFO     ___FILE_ONLY___ ═
2026-05-18 13:26:05,180 INFO     ___FILE_ONLY___ ═
2026-05-18 13:26:05,180 INFO     ___FILE_ONLY___ ═
2026-05-18 13:26:05,180 INFO     ___FILE_ONLY___ ═
2026-05-18 13:26:05,181 INFO     ___FILE_ONLY___ ═
2026-05-18 13:26:05,181 INFO     ___FILE_ONLY___ ═
2026-05-18 13:26:05,181 INFO     ___FILE_ONLY___ ═
2026-05-18 13:26:05,182 INFO     ___FILE_ONLY___ ═
2026-05-18 13:26:05,182 INFO     ___FILE_ONLY___ ═
2026-05-18 13:26:05,182 INFO     ___FILE_ONLY___ ═
2026-05-18 13:26:05,182 INFO     ___FILE_ONLY___ ═
2026-05-18 13:26:05,183 INFO     ___FILE_ONLY___ ═
2026-05-18 13:26:05,183 INFO     ___FILE_ONLY___ ═
2026-05-18 13:26:05,183 INFO     ___FILE_ONLY___ ═
2026-05-18 13:26:05,183 INFO     ___FILE_ONLY___ ═
2026-05-18 13:26:05,183 INFO     ___FILE_ONLY___ ═
2026-05-18 13:26:05,183 INFO     ___FILE_ONLY___ ═
2026-05-18 13:26:05,183 INFO     ___FILE_ONLY___ ═
2026-05-18 13:26:05,184 INFO     ___FILE_ONLY___ ═
2026-05-18 13:26:05,184 INFO     ___FILE_ONLY___ ═
2026-05-18 13:26:05,184 INFO     ___FILE_ONLY___ ═
2026-05-18 13:26:05,184 INFO     ___FILE_ONLY___ ═
2026-05-18 13:26:05,184 INFO     ___FILE_ONLY___ ═
2026-05-18 13:26:05,184 INFO     ___FILE_ONLY___ ═
2026-05-18 13:26:05,184 INFO     ___FILE_ONLY___ ═
2026-05-18 13:26:05,184 INFO     ___FILE_ONLY___ ═
2026-05-18 13:26:05,185 INFO     ___FILE_ONLY___ ═
2026-05-18 13:26:05,185 INFO     ___FILE_ONLY___ ═
2026-05-18 13:26:05,185 INFO     ___FILE_ONLY___ ═
2026-05-18 13:26:05,185 INFO     ___FILE_ONLY___ ═
2026-05-18 13:26:05,185 INFO     ___FILE_ONLY___ ═
2026-05-18 13:26:05,185 INFO     ___FILE_ONLY___ ═
2026-05-18 13:26:05,185 INFO     ___FILE_ONLY___ ═
2026-05-18 13:26:05,185 INFO     ___FILE_ONLY___ ═
2026-05-18 13:26:05,185 INFO     ___FILE_ONLY___ ═
2026-05-18 13:26:05,185 INFO     ___FILE_ONLY___ ═
2026-05-18 13:26:05,185 INFO     ___FILE_ONLY___ ═
2026-05-18 13:26:05,186 INFO     ___FILE_ONLY___ ═
2026-05-18 13:26:05,186 INFO     ___FILE_ONLY___ ═
2026-05-18 13:26:05,186 INFO     ___FILE_ONLY___ ═
2026-05-18 13:26:05,186 INFO     ___FILE_ONLY___ ═
2026-05-18 13:26:05,186 INFO     ___FILE_ONLY___ ═
2026-05-18 13:26:05,186 INFO     ___FILE_ONLY___ ═
2026-05-18 13:26:05,186 INFO     ___FILE_ONLY___ ═
2026-05-18 13:26:05,186 INFO     ___FILE_ONLY___ ╝

2026-05-18 13:26:05,188 INFO     ___FILE_ONLY___ ╔════════════════════════════════════════════════════════════╗

2026-05-18 13:26:05,188 INFO     ___FILE_ONLY___ ╠═ Downloading: gcloud cli dependencies (Platform Specific) ═╣

2026-05-18 13:26:05,189 INFO     ___FILE_ONLY___ ╚
2026-05-18 13:26:05,190 DEBUG    root            On GCE from memory cache: False
2026-05-18 13:26:05,191 DEBUG    root            On GCE from memory cache: False
2026-05-18 13:26:05,192 DEBUG    urllib3.connectionpool Starting new HTTPS connection (1): dl.google.com:443
2026-05-18 13:26:05,311 DEBUG    urllib3.connectionpool https://dl.google.com:443 "GET /dl/cloudsdk/channels/rapid/components/google-cloud-sdk-gcloud-deps-linux-x86_64-20210416153011.tar.gz HTTP/1.1" 200 104
2026-05-18 13:26:05,312 INFO     ___FILE_ONLY___ ════════════════════════════════════════════════════════════
2026-05-18 13:26:05,312 INFO     ___FILE_ONLY___ ╝

2026-05-18 13:26:05,315 INFO     ___FILE_ONLY___ ╔════════════════════════════════════════════════════════════╗

2026-05-18 13:26:05,315 INFO     ___FILE_ONLY___ ╠═ Installing: BigQuery Command Line Tool                   ═╣

2026-05-18 13:26:05,315 INFO     ___FILE_ONLY___ ╚
2026-05-18 13:26:05,422 INFO     ___FILE_ONLY___ ═
2026-05-18 13:26:05,427 INFO     ___FILE_ONLY___ ═
2026-05-18 13:26:05,431 INFO     ___FILE_ONLY___ ═
2026-05-18 13:26:05,434 INFO     ___FILE_ONLY___ ═
2026-05-18 13:26:05,437 INFO     ___FILE_ONLY___ ═
2026-05-18 13:26:05,441 INFO     ___FILE_ONLY___ ═
2026-05-18 13:26:05,444 INFO     ___FILE_ONLY___ ═
2026-05-18 13:26:05,450 INFO     ___FILE_ONLY___ ═
2026-05-18 13:26:05,452 INFO     ___FILE_ONLY___ ═
2026-05-18 13:26:05,456 INFO     ___FILE_ONLY___ ═
2026-05-18 13:26:05,459 INFO     ___FILE_ONLY___ ═
2026-05-18 13:26:05,462 INFO     ___FILE_ONLY___ ═
2026-05-18 13:26:05,464 INFO     ___FILE_ONLY___ ═
2026-05-18 13:26:05,467 INFO     ___FILE_ONLY___ ═
2026-05-18 13:26:05,470 INFO     ___FILE_ONLY___ ═
2026-05-18 13:26:05,474 INFO     ___FILE_ONLY___ ═
2026-05-18 13:26:05,487 INFO     ___FILE_ONLY___ ═
2026-05-18 13:26:05,495 INFO     ___FILE_ONLY___ ═
2026-05-18 13:26:05,499 INFO     ___FILE_ONLY___ ═
2026-05-18 13:26:05,501 INFO     ___FILE_ONLY___ ═
2026-05-18 13:26:05,504 INFO     ___FILE_ONLY___ ═
2026-05-18 13:26:05,506 INFO     ___FILE_ONLY___ ═
2026-05-18 13:26:05,509 INFO     ___FILE_ONLY___ ═
2026-05-18 13:26:05,511 INFO     ___FILE_ONLY___ ═
2026-05-18 13:26:05,514 INFO     ___FILE_ONLY___ ═
2026-05-18 13:26:05,516 INFO     ___FILE_ONLY___ ═
2026-05-18 13:26:05,518 INFO     ___FILE_ONLY___ ═
2026-05-18 13:26:05,521 INFO     ___FILE_ONLY___ ═
2026-05-18 13:26:05,523 INFO     ___FILE_ONLY___ ═
2026-05-18 13:26:05,525 INFO     ___FILE_ONLY___ ═
2026-05-18 13:26:05,528 INFO     ___FILE_ONLY___ ═
2026-05-18 13:26:05,530 INFO     ___FILE_ONLY___ ═
2026-05-18 13:26:05,532 INFO     ___FILE_ONLY___ ═
2026-05-18 13:26:05,537 INFO     ___FILE_ONLY___ ═
2026-05-18 13:26:05,539 INFO     ___FILE_ONLY___ ═
2026-05-18 13:26:05,542 INFO     ___FILE_ONLY___ ═
2026-05-18 13:26:05,546 INFO     ___FILE_ONLY___ ═
2026-05-18 13:26:05,549 INFO     ___FILE_ONLY___ ═
2026-05-18 13:26:05,558 INFO     ___FILE_ONLY___ ═
2026-05-18 13:26:05,568 INFO     ___FILE_ONLY___ ═
2026-05-18 13:26:05,575 INFO     ___FILE_ONLY___ ═
2026-05-18 13:26:05,578 INFO     ___FILE_ONLY___ ═
2026-05-18 13:26:05,581 INFO     ___FILE_ONLY___ ═
2026-05-18 13:26:05,586 INFO     ___FILE_ONLY___ ═
2026-05-18 13:26:05,590 INFO     ___FILE_ONLY___ ═
2026-05-18 13:26:05,595 INFO     ___FILE_ONLY___ ═
2026-05-18 13:26:05,598 INFO     ___FILE_ONLY___ ═
2026-05-18 13:26:05,601 INFO     ___FILE_ONLY___ ═
2026-05-18 13:26:05,603 INFO     ___FILE_ONLY___ ═
2026-05-18 13:26:05,606 INFO     ___FILE_ONLY___ ═
2026-05-18 13:26:05,609 INFO     ___FILE_ONLY___ ═
2026-05-18 13:26:05,612 INFO     ___FILE_ONLY___ ═
2026-05-18 13:26:05,615 INFO     ___FILE_ONLY___ ═
2026-05-18 13:26:05,617 INFO     ___FILE_ONLY___ ═
2026-05-18 13:26:05,620 INFO     ___FILE_ONLY___ ═
2026-05-18 13:26:05,623 INFO     ___FILE_ONLY___ ═
2026-05-18 13:26:05,627 INFO     ___FILE_ONLY___ ═
2026-05-18 13:26:05,630 INFO     ___FILE_ONLY___ ═
2026-05-18 13:26:05,632 INFO     ___FILE_ONLY___ ═
2026-05-18 13:26:05,634 INFO     ___FILE_ONLY___ ═
2026-05-18 13:26:05,634 INFO     ___FILE_ONLY___ ╝

2026-05-18 13:26:05,642 INFO     ___FILE_ONLY___ ╔════════════════════════════════════════════════════════════╗

2026-05-18 13:26:05,643 INFO     ___FILE_ONLY___ ╠═ Installing: BigQuery Command Line Tool (Platform Spec... ═╣

2026-05-18 13:26:05,643 INFO     ___FILE_ONLY___ ╚
2026-05-18 13:26:05,643 INFO     ___FILE_ONLY___ ════════════════════════════════════════════════════════════
2026-05-18 13:26:05,644 INFO     ___FILE_ONLY___ ╝

2026-05-18 13:26:05,650 INFO     ___FILE_ONLY___ ╔════════════════════════════════════════════════════════════╗

2026-05-18 13:26:05,650 INFO     ___FILE_ONLY___ ╠═ Installing: Bundled Python 3.14                          ═╣

2026-05-18 13:26:05,650 INFO     ___FILE_ONLY___ ╚
2026-05-18 13:26:05,653 INFO     ___FILE_ONLY___ ════════════════════════════════════════════════════════════
2026-05-18 13:26:05,653 INFO     ___FILE_ONLY___ ╝

2026-05-18 13:26:05,655 INFO     ___FILE_ONLY___ ╔════════════════════════════════════════════════════════════╗

2026-05-18 13:26:05,655 INFO     ___FILE_ONLY___ ╠═ Installing: Bundled Python 3.14 (Platform Specific)      ═╣

2026-05-18 13:26:05,655 INFO     ___FILE_ONLY___ ╚
2026-05-18 13:26:06,598 INFO     ___FILE_ONLY___ ═
2026-05-18 13:26:06,618 INFO     ___FILE_ONLY___ ═
2026-05-18 13:26:06,633 INFO     ___FILE_ONLY___ ═
2026-05-18 13:26:06,816 INFO     ___FILE_ONLY___ ═
2026-05-18 13:26:06,843 INFO     ___FILE_ONLY___ ═
2026-05-18 13:26:06,873 INFO     ___FILE_ONLY___ ═
2026-05-18 13:26:06,896 INFO     ___FILE_ONLY___ ═
2026-05-18 13:26:06,915 INFO     ___FILE_ONLY___ ═
2026-05-18 13:26:06,945 INFO     ___FILE_ONLY___ ═
2026-05-18 13:26:06,961 INFO     ___FILE_ONLY___ ═
2026-05-18 13:26:07,066 INFO     ___FILE_ONLY___ ═
2026-05-18 13:26:07,084 INFO     ___FILE_ONLY___ ═
2026-05-18 13:26:07,105 INFO     ___FILE_ONLY___ ═
2026-05-18 13:26:07,138 INFO     ___FILE_ONLY___ ═
2026-05-18 13:26:07,159 INFO     ___FILE_ONLY___ ═
2026-05-18 13:26:07,182 INFO     ___FILE_ONLY___ ═
2026-05-18 13:26:07,195 INFO     ___FILE_ONLY___ ═
2026-05-18 13:26:07,213 INFO     ___FILE_ONLY___ ═
2026-05-18 13:26:07,228 INFO     ___FILE_ONLY___ ═
2026-05-18 13:26:07,247 INFO     ___FILE_ONLY___ ═
2026-05-18 13:26:07,268 INFO     ___FILE_ONLY___ ═
2026-05-18 13:26:07,290 INFO     ___FILE_ONLY___ ═
2026-05-18 13:26:07,453 INFO     ___FILE_ONLY___ ═
2026-05-18 13:26:07,473 INFO     ___FILE_ONLY___ ═
2026-05-18 13:26:07,495 INFO     ___FILE_ONLY___ ═
2026-05-18 13:26:07,540 INFO     ___FILE_ONLY___ ═
2026-05-18 13:26:07,558 INFO     ___FILE_ONLY___ ═
2026-05-18 13:26:07,570 INFO     ___FILE_ONLY___ ═
2026-05-18 13:26:07,582 INFO     ___FILE_ONLY___ ═
2026-05-18 13:26:07,596 INFO     ___FILE_ONLY___ ═
2026-05-18 13:26:07,609 INFO     ___FILE_ONLY___ ═
2026-05-18 13:26:07,624 INFO     ___FILE_ONLY___ ═
2026-05-18 13:26:07,636 INFO     ___FILE_ONLY___ ═
2026-05-18 13:26:07,648 INFO     ___FILE_ONLY___ ═
2026-05-18 13:26:07,661 INFO     ___FILE_ONLY___ ═
2026-05-18 13:26:07,674 INFO     ___FILE_ONLY___ ═
2026-05-18 13:26:07,685 INFO     ___FILE_ONLY___ ═
2026-05-18 13:26:07,697 INFO     ___FILE_ONLY___ ═
2026-05-18 13:26:07,711 INFO     ___FILE_ONLY___ ═
2026-05-18 13:26:07,723 INFO     ___FILE_ONLY___ ═
2026-05-18 13:26:07,739 INFO     ___FILE_ONLY___ ═
2026-05-18 13:26:07,751 INFO     ___FILE_ONLY___ ═
2026-05-18 13:26:07,763 INFO     ___FILE_ONLY___ ═
2026-05-18 13:26:07,774 INFO     ___FILE_ONLY___ ═
2026-05-18 13:26:07,786 INFO     ___FILE_ONLY___ ═
2026-05-18 13:26:07,798 INFO     ___FILE_ONLY___ ═
2026-05-18 13:26:07,811 INFO     ___FILE_ONLY___ ═
2026-05-18 13:26:07,823 INFO     ___FILE_ONLY___ ═
2026-05-18 13:26:07,835 INFO     ___FILE_ONLY___ ═
2026-05-18 13:26:07,846 INFO     ___FILE_ONLY___ ═
2026-05-18 13:26:07,858 INFO     ___FILE_ONLY___ ═
2026-05-18 13:26:07,871 INFO     ___FILE_ONLY___ ═
2026-05-18 13:26:07,882 INFO     ___FILE_ONLY___ ═
2026-05-18 13:26:07,895 INFO     ___FILE_ONLY___ ═
2026-05-18 13:26:07,908 INFO     ___FILE_ONLY___ ═
2026-05-18 13:26:07,921 INFO     ___FILE_ONLY___ ═
2026-05-18 13:26:07,934 INFO     ___FILE_ONLY___ ═
2026-05-18 13:26:07,946 INFO     ___FILE_ONLY___ ═
2026-05-18 13:26:07,959 INFO     ___FILE_ONLY___ ═
2026-05-18 13:26:07,971 INFO     ___FILE_ONLY___ ═
2026-05-18 13:26:07,971 INFO     ___FILE_ONLY___ ╝

2026-05-18 13:26:08,016 INFO     ___FILE_ONLY___ ╔════════════════════════════════════════════════════════════╗

2026-05-18 13:26:08,016 INFO     ___FILE_ONLY___ ╠═ Installing: Cloud Storage Command Line Tool              ═╣

2026-05-18 13:26:08,016 INFO     ___FILE_ONLY___ ╚
2026-05-18 13:26:08,592 INFO     ___FILE_ONLY___ ═
2026-05-18 13:26:08,605 INFO     ___FILE_ONLY___ ═
2026-05-18 13:26:08,617 INFO     ___FILE_ONLY___ ═
2026-05-18 13:26:08,629 INFO     ___FILE_ONLY___ ═
2026-05-18 13:26:08,639 INFO     ___FILE_ONLY___ ═
2026-05-18 13:26:08,676 INFO     ___FILE_ONLY___ ═
2026-05-18 13:26:08,691 INFO     ___FILE_ONLY___ ═
2026-05-18 13:26:08,710 INFO     ___FILE_ONLY___ ═
2026-05-18 13:26:08,726 INFO     ___FILE_ONLY___ ═
2026-05-18 13:26:08,745 INFO     ___FILE_ONLY___ ═
2026-05-18 13:26:08,766 INFO     ___FILE_ONLY___ ═
2026-05-18 13:26:08,781 INFO     ___FILE_ONLY___ ═
2026-05-18 13:26:08,796 INFO     ___FILE_ONLY___ ═
2026-05-18 13:26:08,809 INFO     ___FILE_ONLY___ ═
2026-05-18 13:26:08,819 INFO     ___FILE_ONLY___ ═
2026-05-18 13:26:08,841 INFO     ___FILE_ONLY___ ═
2026-05-18 13:26:08,858 INFO     ___FILE_ONLY___ ═
2026-05-18 13:26:08,871 INFO     ___FILE_ONLY___ ═
2026-05-18 13:26:08,885 INFO     ___FILE_ONLY___ ═
2026-05-18 13:26:08,897 INFO     ___FILE_ONLY___ ═
2026-05-18 13:26:08,911 INFO     ___FILE_ONLY___ ═
2026-05-18 13:26:08,926 INFO     ___FILE_ONLY___ ═
2026-05-18 13:26:08,937 INFO     ___FILE_ONLY___ ═
2026-05-18 13:26:08,948 INFO     ___FILE_ONLY___ ═
2026-05-18 13:26:08,959 INFO     ___FILE_ONLY___ ═
2026-05-18 13:26:08,970 INFO     ___FILE_ONLY___ ═
2026-05-18 13:26:08,982 INFO     ___FILE_ONLY___ ═
2026-05-18 13:26:08,997 INFO     ___FILE_ONLY___ ═
2026-05-18 13:26:09,014 INFO     ___FILE_ONLY___ ═
2026-05-18 13:26:09,027 INFO     ___FILE_ONLY___ ═
2026-05-18 13:26:09,042 INFO     ___FILE_ONLY___ ═
2026-05-18 13:26:09,064 INFO     ___FILE_ONLY___ ═
2026-05-18 13:26:09,081 INFO     ___FILE_ONLY___ ═
2026-05-18 13:26:09,101 INFO     ___FILE_ONLY___ ═
2026-05-18 13:26:09,120 INFO     ___FILE_ONLY___ ═
2026-05-18 13:26:09,136 INFO     ___FILE_ONLY___ ═
2026-05-18 13:26:09,148 INFO     ___FILE_ONLY___ ═
2026-05-18 13:26:09,161 INFO     ___FILE_ONLY___ ═
2026-05-18 13:26:09,199 INFO     ___FILE_ONLY___ ═
2026-05-18 13:26:09,214 INFO     ___FILE_ONLY___ ═
2026-05-18 13:26:09,228 INFO     ___FILE_ONLY___ ═
2026-05-18 13:26:09,240 INFO     ___FILE_ONLY___ ═
2026-05-18 13:26:09,251 INFO     ___FILE_ONLY___ ═
2026-05-18 13:26:09,263 INFO     ___FILE_ONLY___ ═
2026-05-18 13:26:09,275 INFO     ___FILE_ONLY___ ═
2026-05-18 13:26:09,286 INFO     ___FILE_ONLY___ ═
2026-05-18 13:26:09,298 INFO     ___FILE_ONLY___ ═
2026-05-18 13:26:09,310 INFO     ___FILE_ONLY___ ═
2026-05-18 13:26:09,321 INFO     ___FILE_ONLY___ ═
2026-05-18 13:26:09,336 INFO     ___FILE_ONLY___ ═
2026-05-18 13:26:09,352 INFO     ___FILE_ONLY___ ═
2026-05-18 13:26:09,370 INFO     ___FILE_ONLY___ ═
2026-05-18 13:26:09,387 INFO     ___FILE_ONLY___ ═
2026-05-18 13:26:09,402 INFO     ___FILE_ONLY___ ═
2026-05-18 13:26:09,415 INFO     ___FILE_ONLY___ ═
2026-05-18 13:26:09,431 INFO     ___FILE_ONLY___ ═
2026-05-18 13:26:09,452 INFO     ___FILE_ONLY___ ═
2026-05-18 13:26:09,477 INFO     ___FILE_ONLY___ ═
2026-05-18 13:26:09,496 INFO     ___FILE_ONLY___ ═
2026-05-18 13:26:09,518 INFO     ___FILE_ONLY___ ═
2026-05-18 13:26:09,518 INFO     ___FILE_ONLY___ ╝

2026-05-18 13:26:09,552 INFO     ___FILE_ONLY___ ╔════════════════════════════════════════════════════════════╗

2026-05-18 13:26:09,553 INFO     ___FILE_ONLY___ ╠═ Installing: Cloud Storage Command Line Tool (Platform... ═╣

2026-05-18 13:26:09,553 INFO     ___FILE_ONLY___ ╚
2026-05-18 13:26:09,554 INFO     ___FILE_ONLY___ ════════════════════════════════════════════════════════════
2026-05-18 13:26:09,554 INFO     ___FILE_ONLY___ ╝

2026-05-18 13:26:09,560 INFO     ___FILE_ONLY___ ╔════════════════════════════════════════════════════════════╗

2026-05-18 13:26:09,561 INFO     ___FILE_ONLY___ ╠═ Installing: Default set of gcloud commands               ═╣

2026-05-18 13:26:09,561 INFO     ___FILE_ONLY___ ╚
2026-05-18 13:26:09,564 INFO     ___FILE_ONLY___ ════════════════════════════════════════════════════════════
2026-05-18 13:26:09,564 INFO     ___FILE_ONLY___ ╝

2026-05-18 13:26:09,566 INFO     ___FILE_ONLY___ ╔════════════════════════════════════════════════════════════╗

2026-05-18 13:26:09,566 INFO     ___FILE_ONLY___ ╠═ Installing: Google Cloud CLI Core Libraries (Platform... ═╣

2026-05-18 13:26:09,566 INFO     ___FILE_ONLY___ ╚
2026-05-18 13:26:09,567 INFO     ___FILE_ONLY___ ══════════════════════════════
2026-05-18 13:26:09,567 INFO     ___FILE_ONLY___ ══════════════════════════════
2026-05-18 13:26:09,568 INFO     ___FILE_ONLY___ ╝

2026-05-18 13:26:09,573 INFO     ___FILE_ONLY___ ╔════════════════════════════════════════════════════════════╗

2026-05-18 13:26:09,573 INFO     ___FILE_ONLY___ ╠═ Installing: Google Cloud CRC32C Hash Tool                ═╣

2026-05-18 13:26:09,574 INFO     ___FILE_ONLY___ ╚
2026-05-18 13:26:09,577 INFO     ___FILE_ONLY___ ════════════════════════════════════════════════════════════
2026-05-18 13:26:09,578 INFO     ___FILE_ONLY___ ╝

2026-05-18 13:26:09,580 INFO     ___FILE_ONLY___ ╔════════════════════════════════════════════════════════════╗

2026-05-18 13:26:09,581 INFO     ___FILE_ONLY___ ╠═ Installing: Google Cloud CRC32C Hash Tool (Platform S... ═╣

2026-05-18 13:26:09,581 INFO     ___FILE_ONLY___ ╚
2026-05-18 13:26:09,620 INFO     ___FILE_ONLY___ ══════════════════════════════
2026-05-18 13:26:09,621 INFO     ___FILE_ONLY___ ══════════════════════════════
2026-05-18 13:26:09,621 INFO     ___FILE_ONLY___ ╝

2026-05-18 13:26:09,626 INFO     ___FILE_ONLY___ ╔════════════════════════════════════════════════════════════╗

2026-05-18 13:26:09,627 INFO     ___FILE_ONLY___ ╠═ Installing: gcloud cli dependencies (Platform Specific)  ═╣

2026-05-18 13:26:09,627 INFO     ___FILE_ONLY___ ╚
2026-05-18 13:26:09,627 INFO     ___FILE_ONLY___ ════════════════════════════════════════════════════════════
2026-05-18 13:26:09,627 INFO     ___FILE_ONLY___ ╝

2026-05-18 13:26:09,633 DEBUG    root            Updating notification cache...
2026-05-18 13:26:09,633 INFO     ___FILE_ONLY___ 

2026-05-18 13:26:09,636 INFO     ___FILE_ONLY___ Performing post processing steps...
2026-05-18 13:26:09,636 DEBUG    root            Executing command: ['/tools/google-cloud-sdk/bin/gcloud', 'components', 'post-process']
2026-05-18 13:26:25,475 DEBUG    ___FILE_ONLY___ 
2026-05-18 13:26:25,475 DEBUG    ___FILE_ONLY___ 
2026-05-18 13:26:25,699 INFO     root            descriptor_list: [{'universeDomain': 'googleapis.com', 'universeShortName': '', 'authenticationDomain': 'auth.cloud.google.com', 'projectPrefix': '', 'cloudWebDomain': 'cloud.google.com', 'documentationDomain': 'cloud.google.com', 'version': '1.0.0', 'state': 'primary', 'artifactRegistryDomain': 'pkg.dev'}]
2026-05-18 13:26:25,699 INFO     ___FILE_ONLY___ 
Update done!


2026-05-18 13:26:25,702 DEBUG    root            Chosen display Format:none
2026-05-18 13:26:25,703 INFO     root            Display format: "none"
