2026-05-18 13:26:26,543 DEBUG    root            Loaded Command Group: ['gcloud', 'components']
2026-05-18 13:26:26,578 DEBUG    root            Loaded Command Group: ['gcloud', 'components', 'update']
2026-05-18 13:26:26,581 DEBUG    root            Running [gcloud.components.update] with arguments: [--quiet: "True", COMPONENT-IDS:8: "['gcloud', 'core', 'bq', 'gsutil', 'compute', 'preview', 'alpha', 'beta']"]
2026-05-18 13:26:26,582 DEBUG    root            On GCE from disk cache: False
2026-05-18 13:26:26,582 INFO     ___FILE_ONLY___ Beginning update. This process may take several minutes.

2026-05-18 13:26:26,584 DEBUG    root            On GCE from memory cache: False
2026-05-18 13:26:26,585 DEBUG    root            On GCE from memory cache: False
2026-05-18 13:26:26,587 DEBUG    urllib3.connectionpool Starting new HTTPS connection (1): dl.google.com:443
2026-05-18 13:26:26,615 DEBUG    urllib3.connectionpool https://dl.google.com:443 "GET /dl/cloudsdk/channels/rapid/components-2.json HTTP/1.1" 200 25078
2026-05-18 13:26:26,628 WARNING  root            Component [compute] no longer exists.
2026-05-18 13:26:26,629 INFO     ___FILE_ONLY___ 

2026-05-18 13:26:26,629 INFO     ___FILE_ONLY___ 
Your current Google Cloud CLI version is: 568.0.0

2026-05-18 13:26:26,629 INFO     ___FILE_ONLY___ Installing components from version: 568.0.0

2026-05-18 13:26:26,629 INFO     ___FILE_ONLY___ 

2026-05-18 13:26:26,629 DEBUG    root            Chosen display Format:table[box,title="These components will be removed."](details.display_name:label=Name:align=left,version.version_string:label=Version:align=right,data.size.size(zero="",min=1048576):label=Size:align=right)
2026-05-18 13:26:26,630 DEBUG    root            Chosen display Format:table[box,title="These components will be updated."](details.display_name:label=Name:align=left,version.version_string:label=Version:align=right,data.size.size(zero="",min=1048576):label=Size:align=right)
2026-05-18 13:26:26,631 DEBUG    root            Chosen display Format:table[box,title="These components will be installed."](details.display_name:label=Name:align=left,version.version_string:label=Version:align=right,data.size.size(zero="",min=1048576):label=Size:align=right)
2026-05-18 13:26:26,648 INFO     ___FILE_ONLY___ ┌────────────────────────────────────────────────┐
2026-05-18 13:26:26,648 INFO     ___FILE_ONLY___ 

2026-05-18 13:26:26,648 INFO     ___FILE_ONLY___ │      These components will be installed.       │
2026-05-18 13:26:26,648 INFO     ___FILE_ONLY___ 

2026-05-18 13:26:26,648 INFO     ___FILE_ONLY___ ├─────────────────────────┬────────────┬─────────┤
2026-05-18 13:26:26,648 INFO     ___FILE_ONLY___ 

2026-05-18 13:26:26,648 INFO     ___FILE_ONLY___ │           Name          │  Version   │   Size  │
2026-05-18 13:26:26,648 INFO     ___FILE_ONLY___ 

2026-05-18 13:26:26,648 INFO     ___FILE_ONLY___ ├─────────────────────────┼────────────┼─────────┤
2026-05-18 13:26:26,649 INFO     ___FILE_ONLY___ 

2026-05-18 13:26:26,649 INFO     ___FILE_ONLY___ │ 
2026-05-18 13:26:26,649 INFO     ___FILE_ONLY___ gcloud Alpha Commands  
2026-05-18 13:26:26,649 INFO     ___FILE_ONLY___  
2026-05-18 13:26:26,649 INFO     ___FILE_ONLY___ │ 
2026-05-18 13:26:26,649 INFO     ___FILE_ONLY___ 2026.05.08
2026-05-18 13:26:26,649 INFO     ___FILE_ONLY___  
2026-05-18 13:26:26,649 INFO     ___FILE_ONLY___ │ 
2026-05-18 13:26:26,649 INFO     ___FILE_ONLY___ < 1 MiB
2026-05-18 13:26:26,649 INFO     ___FILE_ONLY___  
2026-05-18 13:26:26,649 INFO     ___FILE_ONLY___ │
2026-05-18 13:26:26,649 INFO     ___FILE_ONLY___ 

2026-05-18 13:26:26,649 INFO     ___FILE_ONLY___ │ 
2026-05-18 13:26:26,649 INFO     ___FILE_ONLY___ gcloud Beta Commands   
2026-05-18 13:26:26,649 INFO     ___FILE_ONLY___  
2026-05-18 13:26:26,649 INFO     ___FILE_ONLY___ │ 
2026-05-18 13:26:26,649 INFO     ___FILE_ONLY___ 2026.05.08
2026-05-18 13:26:26,649 INFO     ___FILE_ONLY___  
2026-05-18 13:26:26,649 INFO     ___FILE_ONLY___ │ 
2026-05-18 13:26:26,649 INFO     ___FILE_ONLY___ < 1 MiB
2026-05-18 13:26:26,650 INFO     ___FILE_ONLY___  
2026-05-18 13:26:26,650 INFO     ___FILE_ONLY___ │
2026-05-18 13:26:26,650 INFO     ___FILE_ONLY___ 

2026-05-18 13:26:26,650 INFO     ___FILE_ONLY___ │ 
2026-05-18 13:26:26,650 INFO     ___FILE_ONLY___ gcloud Preview Commands
2026-05-18 13:26:26,650 INFO     ___FILE_ONLY___  
2026-05-18 13:26:26,650 INFO     ___FILE_ONLY___ │ 
2026-05-18 13:26:26,650 INFO     ___FILE_ONLY___ 2026.05.08
2026-05-18 13:26:26,650 INFO     ___FILE_ONLY___  
2026-05-18 13:26:26,650 INFO     ___FILE_ONLY___ │ 
2026-05-18 13:26:26,650 INFO     ___FILE_ONLY___ < 1 MiB
2026-05-18 13:26:26,650 INFO     ___FILE_ONLY___  
2026-05-18 13:26:26,650 INFO     ___FILE_ONLY___ │
2026-05-18 13:26:26,650 INFO     ___FILE_ONLY___ 

2026-05-18 13:26:26,650 INFO     ___FILE_ONLY___ └─────────────────────────┴────────────┴─────────┘
2026-05-18 13:26:26,650 INFO     ___FILE_ONLY___ 

2026-05-18 13:26:26,650 INFO     ___FILE_ONLY___ 

2026-05-18 13:26:26,651 DEBUG    root            On GCE from memory cache: False
2026-05-18 13:26:26,653 DEBUG    root            On GCE from memory cache: False
2026-05-18 13:26:26,655 DEBUG    urllib3.connectionpool Starting new HTTPS connection (1): dl.google.com:443
2026-05-18 13:26:26,679 DEBUG    urllib3.connectionpool https://dl.google.com:443 "GET /dl/cloudsdk/channels/rapid/RELEASE_NOTES HTTP/1.1" 200 363271
2026-05-18 13:26:27,255 INFO     ___FILE_ONLY___ For the latest full release notes, please visit:
  https://cloud.google.com/sdk/release_notes


2026-05-18 13:26:27,256 INFO     ___FILE_ONLY___ Performing in place update...


2026-05-18 13:26:27,258 INFO     ___FILE_ONLY___ ╔════════════════════════════════════════════════════════════╗

2026-05-18 13:26:27,258 INFO     ___FILE_ONLY___ ╠═ Downloading: gcloud Alpha Commands                       ═╣

2026-05-18 13:26:27,258 INFO     ___FILE_ONLY___ ╚
2026-05-18 13:26:27,259 DEBUG    root            On GCE from memory cache: False
2026-05-18 13:26:27,260 DEBUG    root            On GCE from memory cache: False
2026-05-18 13:26:27,261 DEBUG    urllib3.connectionpool Starting new HTTPS connection (1): dl.google.com:443
2026-05-18 13:26:27,341 DEBUG    urllib3.connectionpool https://dl.google.com:443 "GET /dl/cloudsdk/channels/rapid/components/google-cloud-sdk-alpha-20260508041647.tar.gz HTTP/1.1" 200 761
2026-05-18 13:26:27,342 INFO     ___FILE_ONLY___ ════════════════════════════════════════════════════════════
2026-05-18 13:26:27,343 INFO     ___FILE_ONLY___ ╝

2026-05-18 13:26:27,345 INFO     ___FILE_ONLY___ ╔════════════════════════════════════════════════════════════╗

2026-05-18 13:26:27,345 INFO     ___FILE_ONLY___ ╠═ Downloading: gcloud Beta Commands                        ═╣

2026-05-18 13:26:27,345 INFO     ___FILE_ONLY___ ╚
2026-05-18 13:26:27,347 DEBUG    root            On GCE from memory cache: False
2026-05-18 13:26:27,348 DEBUG    root            On GCE from memory cache: False
2026-05-18 13:26:27,350 DEBUG    urllib3.connectionpool Starting new HTTPS connection (1): dl.google.com:443
2026-05-18 13:26:27,432 DEBUG    urllib3.connectionpool https://dl.google.com:443 "GET /dl/cloudsdk/channels/rapid/components/google-cloud-sdk-beta-20260508041647.tar.gz HTTP/1.1" 200 758
2026-05-18 13:26:27,433 INFO     ___FILE_ONLY___ ════════════════════════════════════════════════════════════
2026-05-18 13:26:27,433 INFO     ___FILE_ONLY___ ╝

2026-05-18 13:26:27,435 INFO     ___FILE_ONLY___ ╔════════════════════════════════════════════════════════════╗

2026-05-18 13:26:27,436 INFO     ___FILE_ONLY___ ╠═ Downloading: gcloud Preview Commands                     ═╣

2026-05-18 13:26:27,436 INFO     ___FILE_ONLY___ ╚
2026-05-18 13:26:27,437 DEBUG    root            On GCE from memory cache: False
2026-05-18 13:26:27,438 DEBUG    root            On GCE from memory cache: False
2026-05-18 13:26:27,440 DEBUG    urllib3.connectionpool Starting new HTTPS connection (1): dl.google.com:443
2026-05-18 13:26:27,600 DEBUG    urllib3.connectionpool https://dl.google.com:443 "GET /dl/cloudsdk/channels/rapid/components/google-cloud-sdk-preview-20260508041647.tar.gz HTTP/1.1" 200 782
2026-05-18 13:26:27,600 INFO     ___FILE_ONLY___ ════════════════════════════════════════════════════════════
2026-05-18 13:26:27,600 INFO     ___FILE_ONLY___ ╝

2026-05-18 13:26:27,603 INFO     ___FILE_ONLY___ ╔════════════════════════════════════════════════════════════╗

2026-05-18 13:26:27,604 INFO     ___FILE_ONLY___ ╠═ Installing: gcloud Alpha Commands                        ═╣

2026-05-18 13:26:27,604 INFO     ___FILE_ONLY___ ╚
2026-05-18 13:26:27,605 INFO     ___FILE_ONLY___ ════════════════════════════════════════════════════════════
2026-05-18 13:26:27,605 INFO     ___FILE_ONLY___ ╝

2026-05-18 13:26:27,612 INFO     ___FILE_ONLY___ ╔════════════════════════════════════════════════════════════╗

2026-05-18 13:26:27,613 INFO     ___FILE_ONLY___ ╠═ Installing: gcloud Beta Commands                         ═╣

2026-05-18 13:26:27,613 INFO     ___FILE_ONLY___ ╚
2026-05-18 13:26:27,614 INFO     ___FILE_ONLY___ ════════════════════════════════════════════════════════════
2026-05-18 13:26:27,614 INFO     ___FILE_ONLY___ ╝

2026-05-18 13:26:27,619 INFO     ___FILE_ONLY___ ╔════════════════════════════════════════════════════════════╗

2026-05-18 13:26:27,619 INFO     ___FILE_ONLY___ ╠═ Installing: gcloud Preview Commands                      ═╣

2026-05-18 13:26:27,619 INFO     ___FILE_ONLY___ ╚
2026-05-18 13:26:27,620 INFO     ___FILE_ONLY___ ════════════════════════════════════════════════════════════
2026-05-18 13:26:27,620 INFO     ___FILE_ONLY___ ╝

2026-05-18 13:26:27,626 DEBUG    root            Updating notification cache...
2026-05-18 13:26:27,626 INFO     ___FILE_ONLY___ 

2026-05-18 13:26:27,628 INFO     ___FILE_ONLY___ Performing post processing steps...
2026-05-18 13:26:27,629 DEBUG    root            Executing command: ['/tools/google-cloud-sdk/bin/gcloud', 'components', 'post-process']
2026-05-18 13:26:44,969 DEBUG    ___FILE_ONLY___ 
2026-05-18 13:26:44,969 DEBUG    ___FILE_ONLY___ 
2026-05-18 13:26:45,170 INFO     root            descriptor_list: [{'universeDomain': 'googleapis.com', 'universeShortName': '', 'authenticationDomain': 'auth.cloud.google.com', 'projectPrefix': '', 'cloudWebDomain': 'cloud.google.com', 'documentationDomain': 'cloud.google.com', 'version': '1.0.0', 'state': 'primary', 'artifactRegistryDomain': 'pkg.dev'}]
2026-05-18 13:26:45,171 INFO     ___FILE_ONLY___ 
Update done!


2026-05-18 13:26:45,173 DEBUG    root            Chosen display Format:none
2026-05-18 13:26:45,174 INFO     root            Display format: "none"
